This is pdfeTeX, Version 3.141592-1.21a-2.2 (Web2C 7.5.4) (format=latex 2010.11.5)  10 DEC 2010 20:26
entering extended mode
**summary_thesis.tex
(./summary_thesis.tex
LaTeX2e <2003/12/01>
Babel <v3.8d> and hyphenation patterns for american, french, german, ngerman, b
ahasa, basque, bulgarian, catalan, croatian, czech, danish, dutch, esperanto, e
stonian, finnish, greek, icelandic, irish, italian, latin, magyar, norsk, polis
h, portuges, romanian, russian, serbian, slovak, slovene, spanish, swedish, tur
kish, ukrainian, nohyphenation, loaded.
(/usr/share/texmf/tex/latex/base/article.cls
Document Class: article 2004/02/16 v1.4f Standard LaTeX document class
(/usr/share/texmf/tex/latex/base/size10.clo
File: size10.clo 2004/02/16 v1.4f Standard LaTeX file (size option)
)
\c@part=\count79
\c@section=\count80
\c@subsection=\count81
\c@subsubsection=\count82
\c@paragraph=\count83
\c@subparagraph=\count84
\c@figure=\count85
\c@table=\count86
\abovecaptionskip=\skip41
\belowcaptionskip=\skip42
\bibindent=\dimen102
) (./fncylab.sty)
(/usr/share/texmf/tex/latex/tools/tabularx.sty
Package: tabularx 1999/01/07 v2.07 `tabularx' package (DPC)

(/usr/share/texmf/tex/latex/tools/array.sty
Package: array 2003/12/17 v2.4a Tabular extension package (FMi)
\col@sep=\dimen103
\extrarowheight=\dimen104
\NC@list=\toks14
\extratabsurround=\skip43
\backup@length=\skip44
)
\TX@col@width=\dimen105
\TX@old@table=\dimen106
\TX@old@col=\dimen107
\TX@target=\dimen108
\TX@delta=\dimen109
\TX@cols=\count87
\TX@ftn=\toks15
) (./vita.sty
Package: vita 1992/02/07 v0.00 `vita' package
)
(/usr/share/texmf/tex/latex/base/ifthen.sty
Package: ifthen 2001/05/26 v1.1c Standard LaTeX ifthen package (DPC)
) (./summary_thesis.aux)
\openout1 = `summary_thesis.aux'.

LaTeX Font Info:    Checking defaults for OML/cmm/m/it on input line 143.
LaTeX Font Info:    ... okay on input line 143.
LaTeX Font Info:    Checking defaults for T1/cmr/m/n on input line 143.
LaTeX Font Info:    ... okay on input line 143.
LaTeX Font Info:    Checking defaults for OT1/cmr/m/n on input line 143.
LaTeX Font Info:    ... okay on input line 143.
LaTeX Font Info:    Checking defaults for OMS/cmsy/m/n on input line 143.
LaTeX Font Info:    ... okay on input line 143.
LaTeX Font Info:    Checking defaults for OMX/cmex/m/n on input line 143.
LaTeX Font Info:    ... okay on input line 143.
LaTeX Font Info:    Checking defaults for U/cmr/m/n on input line 143.
LaTeX Font Info:    ... okay on input line 143.

Underfull \hbox (badness 10000) in paragraph at lines 163--163

 []

LaTeX Font Info:    External font `cmex10' loaded for size
(Font)              <7> on input line 163.
LaTeX Font Info:    External font `cmex10' loaded for size
(Font)              <5> on input line 163.
LaTeX Font Info:    External font `cmex10' loaded for size
(Font)              <12> on input line 165.
LaTeX Font Info:    External font `cmex10' loaded for size
(Font)              <8> on input line 165.
LaTeX Font Info:    External font `cmex10' loaded for size
(Font)              <6> on input line 165.

Underfull \hbox (badness 10000) in paragraph at lines 168--170

 []

[1

]
LaTeX Font Info:    Try loading font information for OMS+cmr on input line 213.

 (/usr/share/texmf/tex/latex/base/omscmr.fd
File: omscmr.fd 1999/05/25 v2.5h Standard LaTeX font definitions
)
LaTeX Font Info:    Font shape `OMS/cmr/m/n' in size <12> not available
(Font)              Font shape `OMS/cmsy/m/n' tried instead on input line 213.

Overfull \vbox (16.45274pt too high) has occurred while \output is active []


[2] (./summary_thesis.aux) ) 
Here is how much of TeX's memory you used:
 551 strings out of 94501
 6465 string characters out of 1176789
 59229 words of memory out of 1000000
 3772 multiletter control sequences out of 10000+50000
 8799 words of font info for 31 fonts, out of 500000 for 2000
 580 hyphenation exceptions out of 1000
 28i,12n,19p,196b,204s stack positions out of 1500i,500n,5000p,200000b,5000s

Output written on summary_thesis.dvi (2 pages, 6444 bytes).
